array (
  'type' => 'insertprocess',
  'taskid' => 1,
  'runid' => 'NPBK5G4D',
  'status' => 0,
  'start' => 1543570681,
  'pipe' => 30,
  'pid' => 412,
)array (
  'taskid' => 1,
  'runid' => 'NPBK5G4D',
  'status' => 1,
  'start' => 1543570681,
  'end' => 1543570681,
  'code' => 0,
  'signal' => 0,
  'pipe' => 30,
  'pid' => 412,
  'type' => 'signal',
)array (
  'type' => 'insertprocess',
  'taskid' => 1,
  'runid' => 'MPPUIH46',
  'status' => 0,
  'start' => 1543571041,
  'pipe' => 30,
  'pid' => 427,
)array (
  'taskid' => 1,
  'runid' => 'MPPUIH46',
  'status' => 1,
  'start' => 1543571041,
  'end' => 1543571041,
  'code' => 0,
  'signal' => 0,
  'pipe' => 30,
  'pid' => 427,
  'type' => 'signal',
)array (
  'type' => 'insertprocess',
  'taskid' => 1,
  'runid' => 'AVGDDM9C',
  'status' => 0,
  'start' => 1543571101,
  'pipe' => 30,
  'pid' => 428,
)array (
  'taskid' => 1,
  'runid' => 'AVGDDM9C',
  'status' => 1,
  'start' => 1543571101,
  'end' => 1543571101,
  'code' => 0,
  'signal' => 0,
  'pipe' => 30,
  'pid' => 428,
  'type' => 'signal',
)array (
  'type' => 'insertprocess',
  'taskid' => 1,
  'runid' => '3NG7MO59',
  'status' => 0,
  'start' => 1543571161,
  'pipe' => 30,
  'pid' => 429,
)array (
  'taskid' => 1,
  'runid' => '3NG7MO59',
  'status' => 1,
  'start' => 1543571161,
  'end' => 1543571161,
  'code' => 0,
  'signal' => 0,
  'pipe' => 30,
  'pid' => 429,
  'type' => 'signal',
)array (
  'type' => 'insertprocess',
  'taskid' => 1,
  'runid' => 'LGPKE590',
  'status' => 0,
  'start' => 1543571221,
  'pipe' => 30,
  'pid' => 430,
)array (
  'taskid' => 1,
  'runid' => 'LGPKE590',
  'status' => 1,
  'start' => 1543571221,
  'end' => 1543571221,
  'code' => 0,
  'signal' => 0,
  'pipe' => 30,
  'pid' => 430,
  'type' => 'signal',
)array (
  'type' => 'insertprocess',
  'taskid' => 1,
  'runid' => 'D0E49G0U',
  'status' => 0,
  'start' => 1543571281,
  'pipe' => 30,
  'pid' => 431,
)array (
  'taskid' => 1,
  'runid' => 'D0E49G0U',
  'status' => 1,
  'start' => 1543571281,
  'end' => 1543571281,
  'code' => 0,
  'signal' => 0,
  'pipe' => 30,
  'pid' => 431,
  'type' => 'signal',
)array (
  'type' => 'insertprocess',
  'taskid' => 1,
  'runid' => 'TEK3873U',
  'status' => 0,
  'start' => 1543571341,
  'pipe' => 30,
  'pid' => 432,
)array (
  'taskid' => 1,
  'runid' => 'TEK3873U',
  'status' => 1,
  'start' => 1543571341,
  'end' => 1543571341,
  'code' => 0,
  'signal' => 0,
  'pipe' => 30,
  'pid' => 432,
  'type' => 'signal',
)array (
  'type' => 'insertprocess',
  'taskid' => 1,
  'runid' => 'H0P7I5T2',
  'status' => 0,
  'start' => 1543571401,
  'pipe' => 30,
  'pid' => 433,
)array (
  'taskid' => 1,
  'runid' => 'H0P7I5T2',
  'status' => 1,
  'start' => 1543571401,
  'end' => 1543571401,
  'code' => 0,
  'signal' => 0,
  'pipe' => 30,
  'pid' => 433,
  'type' => 'signal',
)array (
  'type' => 'insertprocess',
  'taskid' => 1,
  'runid' => 'FHHC7Q8F',
  'status' => 0,
  'start' => 1543571461,
  'pipe' => 30,
  'pid' => 434,
)array (
  'taskid' => 1,
  'runid' => 'FHHC7Q8F',
  'status' => 1,
  'start' => 1543571461,
  'end' => 1543571461,
  'code' => 0,
  'signal' => 0,
  'pipe' => 30,
  'pid' => 434,
  'type' => 'signal',
)array (
  'type' => 'insertprocess',
  'taskid' => 1,
  'runid' => 'C2A8T7QD',
  'status' => 0,
  'start' => 1543571521,
  'pipe' => 30,
  'pid' => 435,
)array (
  'taskid' => 1,
  'runid' => 'C2A8T7QD',
  'status' => 1,
  'start' => 1543571521,
  'end' => 1543571521,
  'code' => 0,
  'signal' => 0,
  'pipe' => 30,
  'pid' => 435,
  'type' => 'signal',
)array (
  'type' => 'insertprocess',
  'taskid' => 1,
  'runid' => 'F4OU4D58',
  'status' => 0,
  'start' => 1543571581,
  'pipe' => 30,
  'pid' => 436,
)array (
  'taskid' => 1,
  'runid' => 'F4OU4D58',
  'status' => 1,
  'start' => 1543571581,
  'end' => 1543571581,
  'code' => 0,
  'signal' => 0,
  'pipe' => 30,
  'pid' => 436,
  'type' => 'signal',
)array (
  'type' => 'insertprocess',
  'taskid' => 1,
  'runid' => '6QMNRO15',
  'status' => 0,
  'start' => 1543571641,
  'pipe' => 30,
  'pid' => 437,
)array (
  'taskid' => 1,
  'runid' => '6QMNRO15',
  'status' => 1,
  'start' => 1543571641,
  'end' => 1543571641,
  'code' => 0,
  'signal' => 0,
  'pipe' => 30,
  'pid' => 437,
  'type' => 'signal',
)array (
  'type' => 'insertprocess',
  'taskid' => 1,
  'runid' => '8475HVMU',
  'status' => 0,
  'start' => 1543571701,
  'pipe' => 30,
  'pid' => 438,
)array (
  'taskid' => 1,
  'runid' => '8475HVMU',
  'status' => 1,
  'start' => 1543571701,
  'end' => 1543571701,
  'code' => 0,
  'signal' => 0,
  'pipe' => 30,
  'pid' => 438,
  'type' => 'signal',
)array (
  'type' => 'insertprocess',
  'taskid' => 1,
  'runid' => 'LI9RNQ27',
  'status' => 0,
  'start' => 1543571761,
  'pipe' => 30,
  'pid' => 439,
)array (
  'taskid' => 1,
  'runid' => 'LI9RNQ27',
  'status' => 1,
  'start' => 1543571761,
  'end' => 1543571761,
  'code' => 0,
  'signal' => 0,
  'pipe' => 30,
  'pid' => 439,
  'type' => 'signal',
)array (
  'type' => 'insertprocess',
  'taskid' => 1,
  'runid' => 'O9OU45NO',
  'status' => 0,
  'start' => 1543571821,
  'pipe' => 30,
  'pid' => 440,
)array (
  'taskid' => 1,
  'runid' => 'O9OU45NO',
  'status' => 1,
  'start' => 1543571821,
  'end' => 1543571821,
  'code' => 0,
  'signal' => 0,
  'pipe' => 30,
  'pid' => 440,
  'type' => 'signal',
)array (
  'type' => 'insertprocess',
  'taskid' => 1,
  'runid' => 'R5MVRLDK',
  'status' => 0,
  'start' => 1543571881,
  'pipe' => 30,
  'pid' => 441,
)array (
  'taskid' => 1,
  'runid' => 'R5MVRLDK',
  'status' => 1,
  'start' => 1543571881,
  'end' => 1543571881,
  'code' => 0,
  'signal' => 0,
  'pipe' => 30,
  'pid' => 441,
  'type' => 'signal',
)array (
  'type' => 'insertprocess',
  'taskid' => 1,
  'runid' => '61K51GN7',
  'status' => 0,
  'start' => 1543571941,
  'pipe' => 30,
  'pid' => 442,
)array (
  'taskid' => 1,
  'runid' => '61K51GN7',
  'status' => 1,
  'start' => 1543571941,
  'end' => 1543571941,
  'code' => 0,
  'signal' => 0,
  'pipe' => 30,
  'pid' => 442,
  'type' => 'signal',
)array (
  'type' => 'insertprocess',
  'taskid' => 1,
  'runid' => 'GNT3AIVM',
  'status' => 0,
  'start' => 1543572001,
  'pipe' => 30,
  'pid' => 443,
)array (
  'taskid' => 1,
  'runid' => 'GNT3AIVM',
  'status' => 1,
  'start' => 1543572001,
  'end' => 1543572001,
  'code' => 0,
  'signal' => 0,
  'pipe' => 30,
  'pid' => 443,
  'type' => 'signal',
)array (
  'type' => 'insertprocess',
  'taskid' => 1,
  'runid' => '8OML6H3N',
  'status' => 0,
  'start' => 1543572061,
  'pipe' => 30,
  'pid' => 444,
)array (
  'taskid' => 1,
  'runid' => '8OML6H3N',
  'status' => 1,
  'start' => 1543572061,
  'end' => 1543572061,
  'code' => 0,
  'signal' => 0,
  'pipe' => 30,
  'pid' => 444,
  'type' => 'signal',
)array (
  'type' => 'insertprocess',
  'taskid' => 1,
  'runid' => 'TRGEG8E1',
  'status' => 0,
  'start' => 1543572121,
  'pipe' => 30,
  'pid' => 445,
)array (
  'taskid' => 1,
  'runid' => 'TRGEG8E1',
  'status' => 1,
  'start' => 1543572121,
  'end' => 1543572121,
  'code' => 0,
  'signal' => 0,
  'pipe' => 30,
  'pid' => 445,
  'type' => 'signal',
)array (
  'type' => 'insertprocess',
  'taskid' => 1,
  'runid' => 'EMRD1O0F',
  'status' => 0,
  'start' => 1543572181,
  'pipe' => 30,
  'pid' => 446,
)array (
  'taskid' => 1,
  'runid' => 'EMRD1O0F',
  'status' => 1,
  'start' => 1543572181,
  'end' => 1543572181,
  'code' => 0,
  'signal' => 0,
  'pipe' => 30,
  'pid' => 446,
  'type' => 'signal',
)array (
  'type' => 'insertprocess',
  'taskid' => 1,
  'runid' => '3RLM0FCN',
  'status' => 0,
  'start' => 1543572241,
  'pipe' => 30,
  'pid' => 447,
)array (
  'taskid' => 1,
  'runid' => '3RLM0FCN',
  'status' => 1,
  'start' => 1543572241,
  'end' => 1543572241,
  'code' => 0,
  'signal' => 0,
  'pipe' => 30,
  'pid' => 447,
  'type' => 'signal',
)array (
  'type' => 'insertprocess',
  'taskid' => 1,
  'runid' => 'BUH0Q3BG',
  'status' => 0,
  'start' => 1543572301,
  'pipe' => 30,
  'pid' => 448,
)array (
  'taskid' => 1,
  'runid' => 'BUH0Q3BG',
  'status' => 1,
  'start' => 1543572301,
  'end' => 1543572301,
  'code' => 0,
  'signal' => 0,
  'pipe' => 30,
  'pid' => 448,
  'type' => 'signal',
)array (
  'type' => 'insertprocess',
  'taskid' => 1,
  'runid' => '6FO6O3ED',
  'status' => 0,
  'start' => 1543572361,
  'pipe' => 30,
  'pid' => 449,
)array (
  'taskid' => 1,
  'runid' => '6FO6O3ED',
  'status' => 1,
  'start' => 1543572361,
  'end' => 1543572361,
  'code' => 0,
  'signal' => 0,
  'pipe' => 30,
  'pid' => 449,
  'type' => 'signal',
)array (
  'type' => 'insertprocess',
  'taskid' => 1,
  'runid' => 'MRBOB2IA',
  'status' => 0,
  'start' => 1543572421,
  'pipe' => 30,
  'pid' => 450,
)array (
  'taskid' => 1,
  'runid' => 'MRBOB2IA',
  'status' => 1,
  'start' => 1543572421,
  'end' => 1543572421,
  'code' => 0,
  'signal' => 0,
  'pipe' => 30,
  'pid' => 450,
  'type' => 'signal',
)array (
  'type' => 'insertprocess',
  'taskid' => 1,
  'runid' => '9RTU9LDV',
  'status' => 0,
  'start' => 1543572481,
  'pipe' => 30,
  'pid' => 451,
)array (
  'taskid' => 1,
  'runid' => '9RTU9LDV',
  'status' => 1,
  'start' => 1543572481,
  'end' => 1543572481,
  'code' => 0,
  'signal' => 0,
  'pipe' => 30,
  'pid' => 451,
  'type' => 'signal',
)array (
  'type' => 'insertprocess',
  'taskid' => 1,
  'runid' => 'GT75N2JR',
  'status' => 0,
  'start' => 1543572541,
  'pipe' => 30,
  'pid' => 452,
)array (
  'taskid' => 1,
  'runid' => 'GT75N2JR',
  'status' => 1,
  'start' => 1543572541,
  'end' => 1543572541,
  'code' => 0,
  'signal' => 0,
  'pipe' => 30,
  'pid' => 452,
  'type' => 'signal',
)array (
  'type' => 'insertprocess',
  'taskid' => 1,
  'runid' => 'FH21MI7P',
  'status' => 0,
  'start' => 1543572601,
  'pipe' => 30,
  'pid' => 453,
)array (
  'taskid' => 1,
  'runid' => 'FH21MI7P',
  'status' => 1,
  'start' => 1543572601,
  'end' => 1543572601,
  'code' => 0,
  'signal' => 0,
  'pipe' => 30,
  'pid' => 453,
  'type' => 'signal',
)array (
  'type' => 'insertprocess',
  'taskid' => 1,
  'runid' => 'ALKV7AKM',
  'status' => 0,
  'start' => 1543572661,
  'pipe' => 30,
  'pid' => 454,
)array (
  'taskid' => 1,
  'runid' => 'ALKV7AKM',
  'status' => 1,
  'start' => 1543572661,
  'end' => 1543572661,
  'code' => 0,
  'signal' => 0,
  'pipe' => 30,
  'pid' => 454,
  'type' => 'signal',
)array (
  'type' => 'insertprocess',
  'taskid' => 1,
  'runid' => 'TKGBKKFF',
  'status' => 0,
  'start' => 1543572721,
  'pipe' => 30,
  'pid' => 456,
)array (
  'taskid' => 1,
  'runid' => 'TKGBKKFF',
  'status' => 1,
  'start' => 1543572721,
  'end' => 1543572721,
  'code' => 0,
  'signal' => 0,
  'pipe' => 30,
  'pid' => 456,
  'type' => 'signal',
)array (
  'type' => 'insertprocess',
  'taskid' => 1,
  'runid' => '0672CV5N',
  'status' => 0,
  'start' => 1543572781,
  'pipe' => 30,
  'pid' => 458,
)array (
  'taskid' => 1,
  'runid' => '0672CV5N',
  'status' => 1,
  'start' => 1543572781,
  'end' => 1543572781,
  'code' => 0,
  'signal' => 0,
  'pipe' => 30,
  'pid' => 458,
  'type' => 'signal',
)array (
  'type' => 'insertprocess',
  'taskid' => 1,
  'runid' => 'CCO4EAI6',
  'status' => 0,
  'start' => 1543572841,
  'pipe' => 30,
  'pid' => 459,
)array (
  'taskid' => 1,
  'runid' => 'CCO4EAI6',
  'status' => 1,
  'start' => 1543572841,
  'end' => 1543572841,
  'code' => 0,
  'signal' => 0,
  'pipe' => 30,
  'pid' => 459,
  'type' => 'signal',
)array (
  'type' => 'insertprocess',
  'taskid' => 1,
  'runid' => 'MIOI39J6',
  'status' => 0,
  'start' => 1543572901,
  'pipe' => 30,
  'pid' => 460,
)array (
  'taskid' => 1,
  'runid' => 'MIOI39J6',
  'status' => 1,
  'start' => 1543572901,
  'end' => 1543572901,
  'code' => 0,
  'signal' => 0,
  'pipe' => 30,
  'pid' => 460,
  'type' => 'signal',
)