196'{"taskname":"\\u6d4b\\u8bd5\\u4efb\\u52a1","rule":"*\\/1 * * * *","timeout":"30","status":"0","execute":"\\/home\\/worker\\/php\\/bin\\/php \\/home\\/worker\\/data\\/www\\/url.php","runid":"488F88F5","id":"1"}
'196'{"taskname":"\\u6d4b\\u8bd5\\u4efb\\u52a1","rule":"*\\/1 * * * *","timeout":"30","status":"0","execute":"\\/home\\/worker\\/php\\/bin\\/php \\/home\\/worker\\/data\\/www\\/url.php","runid":"NPBK5G4D","id":"1"}
'196'{"taskname":"\\u6d4b\\u8bd5\\u4efb\\u52a1","rule":"*\\/1 * * * *","timeout":"30","status":"0","execute":"\\/home\\/worker\\/php\\/bin\\/php \\/home\\/worker\\/data\\/www\\/url.php","runid":"MPPUIH46","id":"1"}
'196'{"taskname":"\\u6d4b\\u8bd5\\u4efb\\u52a1","rule":"*\\/1 * * * *","timeout":"30","status":"0","execute":"\\/home\\/worker\\/php\\/bin\\/php \\/home\\/worker\\/data\\/www\\/url.php","runid":"AVGDDM9C","id":"1"}
'196'{"taskname":"\\u6d4b\\u8bd5\\u4efb\\u52a1","rule":"*\\/1 * * * *","timeout":"30","status":"0","execute":"\\/home\\/worker\\/php\\/bin\\/php \\/home\\/worker\\/data\\/www\\/url.php","runid":"3NG7MO59","id":"1"}
'196'{"taskname":"\\u6d4b\\u8bd5\\u4efb\\u52a1","rule":"*\\/1 * * * *","timeout":"30","status":"0","execute":"\\/home\\/worker\\/php\\/bin\\/php \\/home\\/worker\\/data\\/www\\/url.php","runid":"LGPKE590","id":"1"}
'196'{"taskname":"\\u6d4b\\u8bd5\\u4efb\\u52a1","rule":"*\\/1 * * * *","timeout":"30","status":"0","execute":"\\/home\\/worker\\/php\\/bin\\/php \\/home\\/worker\\/data\\/www\\/url.php","runid":"D0E49G0U","id":"1"}
'196'{"taskname":"\\u6d4b\\u8bd5\\u4efb\\u52a1","rule":"*\\/1 * * * *","timeout":"30","status":"0","execute":"\\/home\\/worker\\/php\\/bin\\/php \\/home\\/worker\\/data\\/www\\/url.php","runid":"TEK3873U","id":"1"}
'196'{"taskname":"\\u6d4b\\u8bd5\\u4efb\\u52a1","rule":"*\\/1 * * * *","timeout":"30","status":"0","execute":"\\/home\\/worker\\/php\\/bin\\/php \\/home\\/worker\\/data\\/www\\/url.php","runid":"H0P7I5T2","id":"1"}
'196'{"taskname":"\\u6d4b\\u8bd5\\u4efb\\u52a1","rule":"*\\/1 * * * *","timeout":"30","status":"0","execute":"\\/home\\/worker\\/php\\/bin\\/php \\/home\\/worker\\/data\\/www\\/url.php","runid":"FHHC7Q8F","id":"1"}
'196'{"taskname":"\\u6d4b\\u8bd5\\u4efb\\u52a1","rule":"*\\/1 * * * *","timeout":"30","status":"0","execute":"\\/home\\/worker\\/php\\/bin\\/php \\/home\\/worker\\/data\\/www\\/url.php","runid":"C2A8T7QD","id":"1"}
'196'{"taskname":"\\u6d4b\\u8bd5\\u4efb\\u52a1","rule":"*\\/1 * * * *","timeout":"30","status":"0","execute":"\\/home\\/worker\\/php\\/bin\\/php \\/home\\/worker\\/data\\/www\\/url.php","runid":"F4OU4D58","id":"1"}
'196'{"taskname":"\\u6d4b\\u8bd5\\u4efb\\u52a1","rule":"*\\/1 * * * *","timeout":"30","status":"0","execute":"\\/home\\/worker\\/php\\/bin\\/php \\/home\\/worker\\/data\\/www\\/url.php","runid":"6QMNRO15","id":"1"}
'196'{"taskname":"\\u6d4b\\u8bd5\\u4efb\\u52a1","rule":"*\\/1 * * * *","timeout":"30","status":"0","execute":"\\/home\\/worker\\/php\\/bin\\/php \\/home\\/worker\\/data\\/www\\/url.php","runid":"8475HVMU","id":"1"}
'196'{"taskname":"\\u6d4b\\u8bd5\\u4efb\\u52a1","rule":"*\\/1 * * * *","timeout":"30","status":"0","execute":"\\/home\\/worker\\/php\\/bin\\/php \\/home\\/worker\\/data\\/www\\/url.php","runid":"LI9RNQ27","id":"1"}
'196'{"taskname":"\\u6d4b\\u8bd5\\u4efb\\u52a1","rule":"*\\/1 * * * *","timeout":"30","status":"0","execute":"\\/home\\/worker\\/php\\/bin\\/php \\/home\\/worker\\/data\\/www\\/url.php","runid":"O9OU45NO","id":"1"}
'196'{"taskname":"\\u6d4b\\u8bd5\\u4efb\\u52a1","rule":"*\\/1 * * * *","timeout":"30","status":"0","execute":"\\/home\\/worker\\/php\\/bin\\/php \\/home\\/worker\\/data\\/www\\/url.php","runid":"R5MVRLDK","id":"1"}
'196'{"taskname":"\\u6d4b\\u8bd5\\u4efb\\u52a1","rule":"*\\/1 * * * *","timeout":"30","status":"0","execute":"\\/home\\/worker\\/php\\/bin\\/php \\/home\\/worker\\/data\\/www\\/url.php","runid":"61K51GN7","id":"1"}
'196'{"taskname":"\\u6d4b\\u8bd5\\u4efb\\u52a1","rule":"*\\/1 * * * *","timeout":"30","status":"0","execute":"\\/home\\/worker\\/php\\/bin\\/php \\/home\\/worker\\/data\\/www\\/url.php","runid":"GNT3AIVM","id":"1"}
'196'{"taskname":"\\u6d4b\\u8bd5\\u4efb\\u52a1","rule":"*\\/1 * * * *","timeout":"30","status":"0","execute":"\\/home\\/worker\\/php\\/bin\\/php \\/home\\/worker\\/data\\/www\\/url.php","runid":"8OML6H3N","id":"1"}
'196'{"taskname":"\\u6d4b\\u8bd5\\u4efb\\u52a1","rule":"*\\/1 * * * *","timeout":"30","status":"0","execute":"\\/home\\/worker\\/php\\/bin\\/php \\/home\\/worker\\/data\\/www\\/url.php","runid":"TRGEG8E1","id":"1"}
'196'{"taskname":"\\u6d4b\\u8bd5\\u4efb\\u52a1","rule":"*\\/1 * * * *","timeout":"30","status":"0","execute":"\\/home\\/worker\\/php\\/bin\\/php \\/home\\/worker\\/data\\/www\\/url.php","runid":"EMRD1O0F","id":"1"}
'196'{"taskname":"\\u6d4b\\u8bd5\\u4efb\\u52a1","rule":"*\\/1 * * * *","timeout":"30","status":"0","execute":"\\/home\\/worker\\/php\\/bin\\/php \\/home\\/worker\\/data\\/www\\/url.php","runid":"3RLM0FCN","id":"1"}
'196'{"taskname":"\\u6d4b\\u8bd5\\u4efb\\u52a1","rule":"*\\/1 * * * *","timeout":"30","status":"0","execute":"\\/home\\/worker\\/php\\/bin\\/php \\/home\\/worker\\/data\\/www\\/url.php","runid":"BUH0Q3BG","id":"1"}
'196'{"taskname":"\\u6d4b\\u8bd5\\u4efb\\u52a1","rule":"*\\/1 * * * *","timeout":"30","status":"0","execute":"\\/home\\/worker\\/php\\/bin\\/php \\/home\\/worker\\/data\\/www\\/url.php","runid":"6FO6O3ED","id":"1"}
'196'{"taskname":"\\u6d4b\\u8bd5\\u4efb\\u52a1","rule":"*\\/1 * * * *","timeout":"30","status":"0","execute":"\\/home\\/worker\\/php\\/bin\\/php \\/home\\/worker\\/data\\/www\\/url.php","runid":"MRBOB2IA","id":"1"}
''{"taskname":"\\u6d4b\\u8bd5\\u4efb\\u52a1","rule":"*\\/1 * * * *","timeout":"30","status":"0","execute":"\\/home\\/worker\\/php\\/bin\\/php \\/home\\/worker\\/data\\/www\\/url.php","runid":"9RTU9LDV","id":"1"}
'196'{"taskname":"\\u6d4b\\u8bd5\\u4efb\\u52a1","rule":"*\\/1 * * * *","timeout":"30","status":"0","execute":"\\/home\\/worker\\/php\\/bin\\/php \\/home\\/worker\\/data\\/www\\/url.php","runid":"GT75N2JR","id":"1"}
'196'{"taskname":"\\u6d4b\\u8bd5\\u4efb\\u52a1","rule":"*\\/1 * * * *","timeout":"30","status":"0","execute":"\\/home\\/worker\\/php\\/bin\\/php \\/home\\/worker\\/data\\/www\\/url.php","runid":"FH21MI7P","id":"1"}
''{"taskname":"\\u6d4b\\u8bd5\\u4efb\\u52a1","rule":"*\\/1 * * * *","timeout":"30","status":"0","execute":"\\/home\\/worker\\/php\\/bin\\/php \\/home\\/worker\\/data\\/www\\/url.php","runid":"ALKV7AKM","id":"1"}
'196'{"taskname":"\\u6d4b\\u8bd5\\u4efb\\u52a1","rule":"*\\/1 * * * *","timeout":"30","status":"0","execute":"\\/home\\/worker\\/php\\/bin\\/php \\/home\\/worker\\/data\\/www\\/url.php","runid":"TKGBKKFF","id":"1"}
'196'{"taskname":"\\u6d4b\\u8bd5\\u4efb\\u52a1","rule":"*\\/1 * * * *","timeout":"30","status":"0","execute":"\\/home\\/worker\\/php\\/bin\\/php \\/home\\/worker\\/data\\/www\\/url.php","runid":"0672CV5N","id":"1"}
''{"taskname":"\\u6d4b\\u8bd5\\u4efb\\u52a1","rule":"*\\/1 * * * *","timeout":"30","status":"0","execute":"\\/home\\/worker\\/php\\/bin\\/php \\/home\\/worker\\/data\\/www\\/url.php","runid":"CCO4EAI6","id":"1"}
'196'{"taskname":"\\u6d4b\\u8bd5\\u4efb\\u52a1","rule":"*\\/1 * * * *","timeout":"30","status":"0","execute":"\\/home\\/worker\\/php\\/bin\\/php \\/home\\/worker\\/data\\/www\\/url.php","runid":"MIOI39J6","id":"1"}
'