Swoole\Table::__set_state(array(
   'size' => 2048,
   'memorySize' => 2812518,
))array (
  1 => 1,
)Swoole\Table::__set_state(array(
   'size' => 2048,
   'memorySize' => 2812518,
))array (
  1 => 1,
)Swoole\Table::__set_state(array(
   'size' => 2048,
   'memorySize' => 2812518,
))array (
  1 => 1,
)Swoole\Table::__set_state(array(
   'size' => 2048,
   'memorySize' => 2812518,
))array (
  1 => 1,
)Swoole\Table::__set_state(array(
   'size' => 2048,
   'memorySize' => 2812518,
))array (
  1 => 1,
)Swoole\Table::__set_state(array(
   'size' => 2048,
   'memorySize' => 2812518,
))array (
  1 => 1,
)Swoole\Table::__set_state(array(
   'size' => 2048,
   'memorySize' => 2812518,
))array (
  1 => 1,
)Swoole\Table::__set_state(array(
   'size' => 2048,
   'memorySize' => 2812518,
))array (
  1 => 1,
)Swoole\Table::__set_state(array(
   'size' => 2048,
   'memorySize' => 2812518,
))array (
  1 => 1,
)Swoole\Table::__set_state(array(
   'size' => 2048,
   'memorySize' => 2812518,
))array (
  1 => 1,
)Swoole\Table::__set_state(array(
   'size' => 2048,
   'memorySize' => 2812518,
))array (
  1 => 1,
)Swoole\Table::__set_state(array(
   'size' => 2048,
   'memorySize' => 2812518,
))array (
  1 => 1,
)Swoole\Table::__set_state(array(
   'size' => 2048,
   'memorySize' => 2812518,
))array (
  1 => 1,
)Swoole\Table::__set_state(array(
   'size' => 2048,
   'memorySize' => 2812518,
))array (
  1 => 1,
)Swoole\Table::__set_state(array(
   'size' => 2048,
   'memorySize' => 2812518,
))array (
  1 => 1,
)Swoole\Table::__set_state(array(
   'size' => 2048,
   'memorySize' => 2812518,
))array (
  1 => 1,
)Swoole\Table::__set_state(array(
   'size' => 2048,
   'memorySize' => 2812518,
))array (
  1 => 1,
)Swoole\Table::__set_state(array(
   'size' => 2048,
   'memorySize' => 2812518,
))array (
  1 => 1,
)Swoole\Table::__set_state(array(
   'size' => 2048,
   'memorySize' => 2812518,
))array (
  1 => 1,
)Swoole\Table::__set_state(array(
   'size' => 2048,
   'memorySize' => 2812518,
))array (
  1 => 1,
)Swoole\Table::__set_state(array(
   'size' => 2048,
   'memorySize' => 2812518,
))array (
  1 => 1,
)Swoole\Table::__set_state(array(
   'size' => 2048,
   'memorySize' => 2812518,
))array (
  1 => 1,
)Swoole\Table::__set_state(array(
   'size' => 2048,
   'memorySize' => 2812518,
))array (
  1 => 1,
)Swoole\Table::__set_state(array(
   'size' => 2048,
   'memorySize' => 2812518,
))array (
  1 => 1,
)Swoole\Table::__set_state(array(
   'size' => 2048,
   'memorySize' => 2812518,
))array (
  1 => 1,
)Swoole\Table::__set_state(array(
   'size' => 2048,
   'memorySize' => 2812518,
))array (
  1 => 1,
)Swoole\Table::__set_state(array(
   'size' => 2048,
   'memorySize' => 2812518,
))array (
  1 => 1,
)Swoole\Table::__set_state(array(
   'size' => 2048,
   'memorySize' => 2812518,
))array (
  1 => 1,
)Swoole\Table::__set_state(array(
   'size' => 2048,
   'memorySize' => 2812518,
))array (
  1 => 1,
)Swoole\Table::__set_state(array(
   'size' => 2048,
   'memorySize' => 2812518,
))array (
  1 => 1,
)Swoole\Table::__set_state(array(
   'size' => 2048,
   'memorySize' => 2812518,
))array (
  1 => 1,
)Swoole\Table::__set_state(array(
   'size' => 2048,
   'memorySize' => 2812518,
))array (
  1 => 1,
)Swoole\Table::__set_state(array(
   'size' => 2048,
   'memorySize' => 2812518,
))array (
  1 => 1,
)Swoole\Table::__set_state(array(
   'size' => 2048,
   'memorySize' => 2812518,
))array (
  1 => 1,
)